2022-06-24T18:44:42.692514Z 0 [Warning] Insecure configuration for --secure-file-priv: Current value does not restrict location of generated files. Consider setting it to a valid, non-empty path.
2022-06-24T18:44:42.693105Z 0 [Note] C:\laragon\bin\mysql\mysql-5.7.33-winx64\bin\mysqld (mysqld 5.7.33) starting as process 10848 ...
2022-06-24T18:44:42.716830Z 0 [Note] InnoDB: Mutexes and rw_locks use Windows interlocked functions
2022-06-24T18:44:42.718832Z 0 [Note] InnoDB: Uses event mutexes
2022-06-24T18:44:42.720208Z 0 [Note] InnoDB: _mm_lfence() and _mm_sfence() are used for memory barrier
2022-06-24T18:44:42.722201Z 0 [Note] InnoDB: Compressed tables use zlib 1.2.11
2022-06-24T18:44:42.724153Z 0 [Note] InnoDB: Number of pools: 1
2022-06-24T18:44:42.725662Z 0 [Note] InnoDB: Not using CPU crc32 instructions
2022-06-24T18:44:42.729121Z 0 [Note] InnoDB: Initializing buffer pool, total size = 128M, instances = 1, chunk size = 128M
2022-06-24T18:44:42.736582Z 0 [Note] InnoDB: Completed initialization of buffer pool
2022-06-24T18:44:42.762574Z 0 [Note] InnoDB: Highest supported file format is Barracuda.
2022-06-24T18:44:42.823823Z 0 [Note] InnoDB: Creating shared tablespace for temporary tables
2022-06-24T18:44:42.825477Z 0 [Note] InnoDB: Setting file '.\ibtmp1' size to 12 MB. Physically writing the file full; Please wait ...
2022-06-24T18:44:42.837783Z 0 [Note] InnoDB: File '.\ibtmp1' size is now 12 MB.
2022-06-24T18:44:42.848195Z 0 [Note] InnoDB: 96 redo rollback segment(s) found. 96 redo rollback segment(s) are active.
2022-06-24T18:44:42.849777Z 0 [Note] InnoDB: 32 non-redo rollback segment(s) are active.
2022-06-24T18:44:42.851338Z 0 [Note] InnoDB: Waiting for purge to start
2022-06-24T18:44:42.909781Z 0 [Note] InnoDB: 5.7.33 started; log sequence number 2746840
2022-06-24T18:44:42.911118Z 0 [Note] InnoDB: Loading buffer pool(s) from C:\CursoJava\ProyectoGrupo4\DDBB\mysql\ib_buffer_pool
2022-06-24T18:44:42.911149Z 0 [Note] Plugin 'FEDERATED' is disabled.
2022-06-24T18:44:42.924598Z 0 [Note] Found ca.pem, server-cert.pem and server-key.pem in data directory. Trying to enable SSL support using them.
2022-06-24T18:44:42.926025Z 0 [Note] Skipping generation of SSL certificates as certificate files are present in data directory.
2022-06-24T18:44:42.929175Z 0 [Warning] CA certificate ca.pem is self signed.
2022-06-24T18:44:42.929440Z 0 [Note] InnoDB: Buffer pool(s) load completed at 220624 14:44:42
2022-06-24T18:44:42.930075Z 0 [Note] Skipping generation of RSA key pair as key files are present in data directory.
2022-06-24T18:44:42.931971Z 0 [Note] Server hostname (bind-address): '*'; port: 3306
2022-06-24T18:44:42.933134Z 0 [Note] IPv6 is available.
2022-06-24T18:44:42.933709Z 0 [Note]   - '::' resolves to '::';
2022-06-24T18:44:42.934411Z 0 [Note] Server socket created on IP: '::'.
2022-06-24T18:44:42.983633Z 0 [Note] Event Scheduler: Loaded 0 events
2022-06-24T18:44:42.984544Z 0 [Note] C:\laragon\bin\mysql\mysql-5.7.33-winx64\bin\mysqld: ready for connections.
Version: '5.7.33'  socket: ''  port: 3306  MySQL Community Server (GPL)
2022-06-24T18:44:51.441042Z 2 [Note] Access denied for user 'wladimir'@'localhost' (using password: YES)
2022-06-24T18:44:58.881262Z 3 [Note] Access denied for user 'root'@'localhost' (using password: YES)
